{"logTime": "0321/180153", "correlationVector":"DbDPwWZVeXMHjZCqA9vE9N","action":"SyncServerConnectionManagerRequest", "result":"SYNC_SERVER_OK", "context":{"environment":"", "migrationStage":"", "server":""}}
{"logTime": "0321/180153", "correlationVector":"a2a6sGJkW/5bbandtuywXF.1","action":"SyncServerConnectionManagerRequest", "result":"SYNC_SERVER_OK", "context":{"environment":"Prod_CentralUS_000t", "migrationStage":"NotStarted", "server":"GENERAL1200000L"}}
{"logTime": "0321/180153", "correlationVector":"a2a6sGJkW/5bbandtuywXF","action":"Initial GetUpdates", "result":"", "context":Reason: NEW_CLIENT. cV=a2a6sGJkW/5bbandtuywXF}
{"logTime": "0321/180153", "correlationVector":"a2a6sGJkW/5bbandtuywXF.2","action":"GetUpdates Response", "result":"SYNCER_OK", "context":Received 1 update(s). cV=a2a6sGJkW/5bbandtuywXF.0;server=GENERAL1200000L;cloudType=Consumer;environment=Prod_CentralUS_000t;migrationStage=NotStarted}
{"logTime": "0321/180154", "correlationVector":"W7wULnhuK2A/85Y2azsekJ","action":"Initial GetUpdates", "result":"", "context":Reason: NEW_CLIENT. cV=W7wULnhuK2A/85Y2azsekJ}
{"logTime": "0321/180155", "correlationVector":"W7wULnhuK2A/85Y2azsekJ.1","action":"SyncServerConnectionManagerRequest", "result":"SYNC_SERVER_OK", "context":{"environment":"Prod_SouthCentralUS_000i", "migrationStage":"NotStarted", "server":"GENERAL0100000K"}}
{"logTime": "0321/180155", "correlationVector":"W7wULnhuK2A/85Y2azsekJ.2","action":"GetUpdates Response", "result":"SYNCER_OK", "context":Received 1 update(s). cV=W7wULnhuK2A/85Y2azsekJ.0;server=GENERAL0100000K;cloudType=Consumer;environment=Prod_SouthCentralUS_000i;migrationStage=NotStarted}
{"logTime": "0321/180155", "correlationVector":"eZtU1Wv2GSQrMTd44rU5Ky","action":"Normal GetUpdate request", "result":"", "context":cV=eZtU1Wv2GSQrMTd44rU5Ky
Nudged types: Device Info, User Consents
Refresh requested types: Device Info, User Consents, Send Tab To Self, Encryption Keys}
{"logTime": "0321/180155", "correlationVector":"eZtU1Wv2GSQrMTd44rU5Ky.1","action":"SyncServerConnectionManagerRequest", "result":"SYNC_SERVER_OK", "context":{"environment":"Prod_SouthCentralUS_000i", "migrationStage":"NotStarted", "server":"GENERAL01000011"}}
{"logTime": "0321/180155", "correlationVector":"eZtU1Wv2GSQrMTd44rU5Ky.2","action":"GetUpdates Response", "result":"SYNCER_OK", "context":Received 0 update(s). cV=eZtU1Wv2GSQrMTd44rU5Ky.0;server=GENERAL01000011;cloudType=Consumer;environment=Prod_SouthCentralUS_000i;migrationStage=NotStarted}
{"logTime": "0321/180155", "correlationVector":"NgdnIKrs5e+eJro00Fj+9A","action":"Commit Request", "result":"", "context":Item count: 2
Contributing types: Device Info, User Consents}
{"logTime": "0321/180156", "correlationVector":"NgdnIKrs5e+eJro00Fj+9A.1","action":"SyncServerConnectionManagerRequest", "result":"SYNC_SERVER_OK", "context":{"environment":"Prod_SouthCentralUS_000i", "migrationStage":"NotStarted", "server":"GENERAL01000017"}}
{"logTime": "0321/180156", "correlationVector":"NgdnIKrs5e+eJro00Fj+9A.2","action":"Commit Response", "result":"SYNCER_OK", "context":Result: SYNCER_OK. cV=NgdnIKrs5e+eJro00Fj+9A.0;server=GENERAL01000017;cloudType=Consumer;environment=Prod_SouthCentralUS_000i;migrationStage=NotStarted}
{"logTime": "0321/180156", "correlationVector":"4qZxYSepZ7XnV/klEFa2/4","action":"Normal GetUpdate request", "result":"", "context":cV=4qZxYSepZ7XnV/klEFa2/4
Nudged types: Device Info}
{"logTime": "0321/180157", "correlationVector":"4qZxYSepZ7XnV/klEFa2/4.1","action":"SyncServerConnectionManagerRequest", "result":"SYNC_SERVER_OK", "context":{"environment":"Prod_WestUS_000v", "migrationStage":"NotStarted", "server":"GENERAL0200000M"}}
{"logTime": "0321/180157", "correlationVector":"4qZxYSepZ7XnV/klEFa2/4.2","action":"GetUpdates Response", "result":"SYNCER_OK", "context":Received 1 update(s). cV=4qZxYSepZ7XnV/klEFa2/4.0;server=GENERAL0200000M;cloudType=Consumer;environment=Prod_WestUS_000v;migrationStage=NotStarted}
